<?xml version="1.0" encoding="UTF-8"?>
<testng-results ignored="0" total="3" passed="2" failed="1" skipped="0">
  <reporter-output>
  </reporter-output>
  <suite started-at="2021-07-24T16:15:46 GMT-09:00" name="Default suite" finished-at="2021-07-24T16:19:07 GMT-09:00" duration-ms="200993">
    <groups>
    </groups>
    <test started-at="2021-07-24T16:15:46 GMT-09:00" name="Default test" finished-at="2021-07-24T16:19:07 GMT-09:00" duration-ms="200993">
      <class name="browserCompactibility.BrowserFunction">
        <test-method is-config="true" signature="TC_browser_18()[pri:0, instance:browserCompactibility.BrowserFunction@703580bf]" started-at="2021-07-24T16:15:47 GMT-09:00" name="TC_browser_18" finished-at="2021-07-24T16:16:17 GMT-09:00" duration-ms="30901" status="PASS">
          <reporter-output>
          </reporter-output>
        </test-method> <!-- TC_browser_18 -->
        <test-method signature="check_Browsercomp()[pri:0, instance:browserCompactibility.BrowserFunction@703580bf]" started-at="2021-07-24T16:16:17 GMT-09:00" name="check_Browsercomp" finished-at="2021-07-24T16:17:16 GMT-09:00" duration-ms="58972" status="PASS">
          <reporter-output>
          </reporter-output>
        </test-method> <!-- check_Browsercomp -->
        <test-method is-config="true" signature="close()[pri:0, instance:browserCompactibility.BrowserFunction@703580bf]" started-at="2021-07-24T16:17:16 GMT-09:00" name="close" finished-at="2021-07-24T16:17:19 GMT-09:00" duration-ms="2544" status="PASS">
          <reporter-output>
          </reporter-output>
        </test-method> <!-- close -->
        <test-method is-config="true" signature="TC_browser_18()[pri:0, instance:browserCompactibility.BrowserFunction@703580bf]" started-at="2021-07-24T16:17:19 GMT-09:00" name="TC_browser_18" finished-at="2021-07-24T16:17:32 GMT-09:00" duration-ms="13090" status="PASS">
          <reporter-output>
          </reporter-output>
        </test-method> <!-- TC_browser_18 -->
        <test-method signature="verifyElement()[pri:0, instance:browserCompactibility.BrowserFunction@703580bf]" started-at="2021-07-24T16:17:32 GMT-09:00" name="verifyElement" finished-at="2021-07-24T16:18:19 GMT-09:00" duration-ms="47315" status="PASS">
          <reporter-output>
          </reporter-output>
        </test-method> <!-- verifyElement -->
        <test-method is-config="true" signature="close()[pri:0, instance:browserCompactibility.BrowserFunction@703580bf]" started-at="2021-07-24T16:18:19 GMT-09:00" name="close" finished-at="2021-07-24T16:18:21 GMT-09:00" duration-ms="1535" status="PASS">
          <reporter-output>
          </reporter-output>
        </test-method> <!-- close -->
        <test-method is-config="true" signature="TC_browser_18()[pri:0, instance:browserCompactibility.BrowserFunction@703580bf]" started-at="2021-07-24T16:18:21 GMT-09:00" name="TC_browser_18" finished-at="2021-07-24T16:18:34 GMT-09:00" duration-ms="12937" status="PASS">
          <reporter-output>
          </reporter-output>
        </test-method> <!-- TC_browser_18 -->
        <test-method signature="verifyTitle()[pri:0, instance:browserCompactibility.BrowserFunction@703580bf]" started-at="2021-07-24T16:18:34 GMT-09:00" name="verifyTitle" finished-at="2021-07-24T16:19:04 GMT-09:00" duration-ms="29806" status="FAIL">
          <exception class="java.lang.AssertionError">
            <message>
              <![CDATA[The following asserts failed:
expected [cameras, books, watches, apparel, shoes and e-Gift Cards. Free Shipping &amp; Cash on Delivery Available.] but found [Online Shopping site in India: Shop Online for Mobiles, Books, Watches, Shoes and More - Amazon.in]]]>
            </message>
            <full-stacktrace>
              <![CDATA[java.lang.AssertionError: The following asserts failed:
expected [cameras, books, watches, apparel, shoes and e-Gift Cards. Free Shipping &amp; Cash on Delivery Available.] but found [Online Shopping site in India: Shop Online for Mobiles, Books, Watches, Shoes and More - Amazon.in]
at org.testng.asserts.SoftAssert.assertAll(SoftAssert.java:47)
at org.testng.asserts.SoftAssert.assertAll(SoftAssert.java:31)
at browserCompactibility.BrowserFunction.verifyTitle(BrowserFunction.java:86)
at java.base/jdk.internal.reflect.NativeMethodAccessorImpl.invoke0(Native Method)
at java.base/jdk.internal.reflect.NativeMethodAccessorImpl.invoke(NativeMethodAccessorImpl.java:78)
at java.base/jdk.internal.reflect.DelegatingMethodAccessorImpl.invoke(DelegatingMethodAccessorImpl.java:43)
at java.base/java.lang.reflect.Method.invoke(Method.java:567)
at org.testng.internal.MethodInvocationHelper.invokeMethod(MethodInvocationHelper.java:133)
at org.testng.internal.TestInvoker.invokeMethod(TestInvoker.java:598)
at org.testng.internal.TestInvoker.invokeTestMethod(TestInvoker.java:173)
at org.testng.internal.MethodRunner.runInSequence(MethodRunner.java:46)
at org.testng.internal.TestInvoker$MethodInvocationAgent.invoke(TestInvoker.java:824)
at org.testng.internal.TestInvoker.invokeTestMethods(TestInvoker.java:146)
at org.testng.internal.TestMethodWorker.invokeTestMethods(TestMethodWorker.java:146)
at org.testng.internal.TestMethodWorker.run(TestMethodWorker.java:128)
at java.base/java.util.ArrayList.forEach(ArrayList.java:1511)
at org.testng.TestRunner.privateRun(TestRunner.java:794)
at org.testng.TestRunner.run(TestRunner.java:596)
at org.testng.SuiteRunner.runTest(SuiteRunner.java:377)
at org.testng.SuiteRunner.runSequentially(SuiteRunner.java:371)
at org.testng.SuiteRunner.privateRun(SuiteRunner.java:332)
at org.testng.SuiteRunner.run(SuiteRunner.java:276)
at org.testng.SuiteRunnerWorker.runSuite(SuiteRunnerWorker.java:53)
at org.testng.SuiteRunnerWorker.run(SuiteRunnerWorker.java:96)
at org.testng.TestNG.runSuitesSequentially(TestNG.java:1212)
at org.testng.TestNG.runSuitesLocally(TestNG.java:1134)
at org.testng.TestNG.runSuites(TestNG.java:1063)
at org.testng.TestNG.run(TestNG.java:1031)
at org.testng.remote.AbstractRemoteTestNG.run(AbstractRemoteTestNG.java:115)
at org.testng.remote.RemoteTestNG.initAndRun(RemoteTestNG.java:251)
at org.testng.remote.RemoteTestNG.main(RemoteTestNG.java:77)
]]>
            </full-stacktrace>
          </exception> <!-- java.lang.AssertionError -->
          <reporter-output>
          </reporter-output>
        </test-method> <!-- verifyTitle -->
        <test-method is-config="true" signature="close()[pri:0, instance:browserCompactibility.BrowserFunction@703580bf]" started-at="2021-07-24T16:19:04 GMT-09:00" name="close" finished-at="2021-07-24T16:19:07 GMT-09:00" duration-ms="3458" status="PASS">
          <reporter-output>
          </reporter-output>
        </test-method> <!-- close -->
      </class> <!-- browserCompactibility.BrowserFunction -->
    </test> <!-- Default test -->
  </suite> <!-- Default suite -->
</testng-results>
